0 info it worked if it ends with ok
1 verbose cli [ '/usr/bin/nodejs', '/usr/bin/npm', 'run', 'build' ]
2 info using npm@3.5.2
3 info using node@v4.7.2
4 verbose run-script [ 'prebuild', 'build', 'postbuild' ]
5 info lifecycle react-input-tags@1.0.0~prebuild: react-input-tags@1.0.0
6 silly lifecycle react-input-tags@1.0.0~prebuild: no script for prebuild, continuing
7 info lifecycle react-input-tags@1.0.0~build: react-input-tags@1.0.0
8 verbose lifecycle react-input-tags@1.0.0~build: unsafe-perm in lifecycle true
9 verbose lifecycle react-input-tags@1.0.0~build: PATH: /usr/share/npm/bin/node-gyp-bin:/home/vaal/dev/js/react-input-tags/node_modules/.bin:/home/vaal/.rvm/gems/ruby-2.3.0/bin:/home/vaal/.rvm/gems/ruby-2.3.0@global/bin:/home/vaal/.rvm/rubies/ruby-2.3.0/bin:/home/vaal/bin:/home/vaal/.local/bin:/usr/local/sbin:/usr/local/bin:/usr/sbin:/usr/bin:/sbin:/bin:/usr/games:/usr/local/games:/snap/bin:/home/vaal/.rvm/bin:/usr/local/go/bin:/usr/local/bin/composer:/bin:/home/vaal/go/bin:/home/vaal/.rvm/bin:/usr/local/bin:/home/vaal/.config/composer/vendor/bin
10 verbose lifecycle react-input-tags@1.0.0~build: CWD: /home/vaal/dev/js/react-input-tags
11 silly lifecycle react-input-tags@1.0.0~build: Args: [ '-c', 'webpack' ]
12 silly lifecycle react-input-tags@1.0.0~build: Returned: code: 2  signal: null
13 info lifecycle react-input-tags@1.0.0~build: Failed to exec build script
14 verbose stack Error: react-input-tags@1.0.0 build: `webpack`
14 verbose stack Exit status 2
14 verbose stack     at EventEmitter.<anonymous> (/usr/share/npm/lib/utils/lifecycle.js:232:16)
14 verbose stack     at emitTwo (events.js:87:13)
14 verbose stack     at EventEmitter.emit (events.js:172:7)
14 verbose stack     at ChildProcess.<anonymous> (/usr/share/npm/lib/utils/spawn.js:24:14)
14 verbose stack     at emitTwo (events.js:87:13)
14 verbose stack     at ChildProcess.emit (events.js:172:7)
14 verbose stack     at maybeClose (internal/child_process.js:854:16)
14 verbose stack     at Process.ChildProcess._handle.onexit (internal/child_process.js:222:5)
15 verbose pkgid react-input-tags@1.0.0
16 verbose cwd /home/vaal/dev/js/react-input-tags
17 error Linux 4.10.0-21-generic
18 error argv "/usr/bin/nodejs" "/usr/bin/npm" "run" "build"
19 error node v4.7.2
20 error npm  v3.5.2
21 error code ELIFECYCLE
22 error react-input-tags@1.0.0 build: `webpack`
22 error Exit status 2
23 error Failed at the react-input-tags@1.0.0 build script 'webpack'.
23 error Make sure you have the latest version of node.js and npm installed.
23 error If you do, this is most likely a problem with the react-input-tags package,
23 error not with npm itself.
23 error Tell the author that this fails on your system:
23 error     webpack
23 error You can get information on how to open an issue for this project with:
23 error     npm bugs react-input-tags
23 error Or if that isn't available, you can get their info via:
23 error     npm owner ls react-input-tags
23 error There is likely additional logging output above.
24 verbose exit [ 1, true ]
